10:58:09 [main] INFO  o.testcontainers.images.PullPolicy - Image pull policy will be performed by: DefaultPullPolicy()
10:58:09 [main] INFO  o.t.utility.ImageNameSubstitutor - Image name substitution will be performed by: DefaultImageNameSubstitutor (composite of 'ConfigurationFileImageNameSubstitutor' and 'PrefixingImageNameSubstitutor')
10:58:09 [main] INFO  o.testcontainers.DockerClientFactory - Testcontainers version: 1.20.1
10:58:10 [main] INFO  o.t.d.DockerClientProviderStrategy - Loaded org.testcontainers.dockerclient.NpipeSocketClientProviderStrategy from ~/.testcontainers.properties, will try it first
10:58:10 [main] INFO  o.t.d.DockerMachineClientProviderStrategy - docker-machine executable was not found on PATH ([C:\ProgramData\Oracle\Java\javapath, C:\Windows\system32, C:\Windows, C:\Windows\System32\Wbem, C:\Windows\System32\WindowsPowerShell\v1.0\, C:\Windows\System32\OpenSSH\, C:\Program Files (x86)\NVIDIA Corporation\PhysX\Common, C:\Program Files\NVIDIA Corporation\NVIDIA NvDLISR, C:\WINDOWS\system32, C:\WINDOWS, C:\WINDOWS\System32\Wbem, C:\WINDOWS\System32\WindowsPowerShell\v1.0\, C:\WINDOWS\System32\OpenSSH\, C:\Program Files\Git\cmd, C:\Program Files\Docker\Docker\resources\bin, C:\Users\Gazda Karol\AppData\Local\Microsoft\WindowsApps, C:\Program Files\JetBrains\PyCharm Community Edition 2022.1.4\bin, , C:\Users\Gazda Karol\AppData\Local\Programs\Microsoft VS Code\bin, C:\msys64\ucrt64\bin])
10:58:10 [main] ERROR o.t.d.DockerClientProviderStrategy - Could not find a valid Docker environment. Please check configuration. Attempted configurations were:
As no valid configuration was found, execution cannot continue.
See https://java.testcontainers.org/on_failure.html for more details.
13:31:05 [main] INFO  o.testcontainers.images.PullPolicy - Image pull policy will be performed by: DefaultPullPolicy()
13:31:05 [main] INFO  o.t.utility.ImageNameSubstitutor - Image name substitution will be performed by: DefaultImageNameSubstitutor (composite of 'ConfigurationFileImageNameSubstitutor' and 'PrefixingImageNameSubstitutor')
13:31:06 [main] INFO  o.testcontainers.DockerClientFactory - Testcontainers version: 1.20.1
13:31:06 [main] INFO  o.t.d.DockerClientProviderStrategy - Loaded org.testcontainers.dockerclient.NpipeSocketClientProviderStrategy from ~/.testcontainers.properties, will try it first
13:31:06 [main] INFO  o.t.d.DockerClientProviderStrategy - Found Docker environment with local Npipe socket (npipe:////./pipe/docker_engine)
13:31:06 [main] INFO  o.testcontainers.DockerClientFactory - Docker host IP address is localhost
13:31:06 [main] INFO  o.testcontainers.DockerClientFactory - Connected to docker: 
  Server Version: 26.1.4
  API Version: 1.45
  Operating System: Docker Desktop
  Total Memory: 7792 MB
13:31:06 [main] INFO  tc.testcontainers/ryuk:0.8.1 - Creating container for image: testcontainers/ryuk:0.8.1
13:31:06 [main] INFO  o.t.utility.RegistryAuthLocator - Credential helper/store (docker-credential-desktop) does not have credentials for https://index.docker.io/v1/
13:31:06 [main] INFO  tc.testcontainers/ryuk:0.8.1 - Container testcontainers/ryuk:0.8.1 is starting: b004ba04562916630e5f673c7a1507d8a2e789e26f0592a9f3cbdbe91eb9d9c1
13:31:07 [main] INFO  tc.testcontainers/ryuk:0.8.1 - Container testcontainers/ryuk:0.8.1 started in PT0.754985S
13:31:07 [main] INFO  o.t.utility.RyukResourceReaper - Ryuk started - will monitor and terminate Testcontainers containers on JVM exit
13:31:07 [main] INFO  o.testcontainers.DockerClientFactory - Checking the system...
13:31:07 [main] INFO  o.testcontainers.DockerClientFactory - ?? Docker server version should be at least 1.6.0
13:31:07 [main] INFO  tc.service2wraith:1.2 - Creating container for image: service2wraith:1.2
13:31:07 [main] INFO  tc.service2wraith:1.2 - Container service2wraith:1.2 is starting: 606648aaa3af3b9a4306ae3060ea8ef76f2f62372e8dec15a5ec1b762870a8b5
13:31:07 [main] INFO  tc.service2wraith:1.2 - Container service2wraith:1.2 started in PT0.5960547S
13:31:08 [main] INFO  p.s.s.s.s.parents.ServiceExtended - Service started | Home URL: http://localhost:53321/
13:31:08 [main] INFO  p.s.s.s.s.parents.ServiceExtended - Connection success with http://localhost:53321/
13:31:08 [main] INFO  p.service3.service3.service.Service3 - Method: newJson | Success | Size: 1001
13:31:08 [main] INFO  p.service3.service3.service.Service3 - Report 1k enabled
13:31:08 [main] INFO  p.service3.service3.service.Service3 - Method: collectReports | Service1 report successfully received
13:31:08 [main] INFO  p.service3.service3.service.Service3 - Method: collectReports | Service2 report successfully received
13:31:08 [main] INFO  p.service3.service3.service.Service3 - Method: select | Success
13:31:09 [main] INFO  p.service3.service3.service.Service3 - Method: math | Success
13:31:09 [main] INFO  p.service3.service3.service.Service3 - Method: basic | Success
14:30:23 [main] INFO  o.testcontainers.images.PullPolicy - Image pull policy will be performed by: DefaultPullPolicy()
14:30:24 [main] INFO  o.t.utility.ImageNameSubstitutor - Image name substitution will be performed by: DefaultImageNameSubstitutor (composite of 'ConfigurationFileImageNameSubstitutor' and 'PrefixingImageNameSubstitutor')
14:30:24 [main] INFO  o.testcontainers.DockerClientFactory - Testcontainers version: 1.20.1
14:30:24 [main] INFO  o.t.d.DockerClientProviderStrategy - Loaded org.testcontainers.dockerclient.NpipeSocketClientProviderStrategy from ~/.testcontainers.properties, will try it first
14:30:24 [main] INFO  o.t.d.DockerClientProviderStrategy - Found Docker environment with local Npipe socket (npipe:////./pipe/docker_engine)
14:30:24 [main] INFO  o.testcontainers.DockerClientFactory - Docker host IP address is localhost
14:30:24 [main] INFO  o.testcontainers.DockerClientFactory - Connected to docker: 
  Server Version: 26.1.4
  API Version: 1.45
  Operating System: Docker Desktop
  Total Memory: 7792 MB
14:30:24 [main] INFO  tc.testcontainers/ryuk:0.8.1 - Pulling docker image: testcontainers/ryuk:0.8.1. Please be patient; this may take some time but only needs to be done once.
14:30:25 [main] INFO  o.t.utility.RegistryAuthLocator - Credential helper/store (docker-credential-desktop) does not have credentials for https://index.docker.io/v1/
14:30:27 [docker-java-stream-1657194725] INFO  tc.testcontainers/ryuk:0.8.1 - Starting to pull image
14:30:27 [docker-java-stream-1657194725] INFO  tc.testcontainers/ryuk:0.8.1 - Pulling image layers:  0 pending,  0 downloaded,  0 extracted, (0 bytes/0 bytes)
14:30:29 [docker-java-stream-1657194725] INFO  tc.testcontainers/ryuk:0.8.1 - Pulling image layers:  2 pending,  1 downloaded,  0 extracted, (5 MB/? MB)
14:30:29 [docker-java-stream-1657194725] INFO  tc.testcontainers/ryuk:0.8.1 - Pulling image layers:  1 pending,  2 downloaded,  0 extracted, (5 MB/? MB)
14:30:29 [docker-java-stream-1657194725] INFO  tc.testcontainers/ryuk:0.8.1 - Pulling image layers:  0 pending,  3 downloaded,  0 extracted, (5 MB/6 MB)
14:30:29 [docker-java-stream-1657194725] INFO  tc.testcontainers/ryuk:0.8.1 - Pulling image layers:  0 pending,  3 downloaded,  1 extracted, (6 MB/6 MB)
14:30:30 [docker-java-stream-1657194725] INFO  tc.testcontainers/ryuk:0.8.1 - Pulling image layers:  0 pending,  3 downloaded,  2 extracted, (6 MB/6 MB)
14:30:30 [docker-java-stream-1657194725] INFO  tc.testcontainers/ryuk:0.8.1 - Pulling image layers:  0 pending,  3 downloaded,  3 extracted, (6 MB/6 MB)
14:30:30 [docker-java-stream-1657194725] INFO  tc.testcontainers/ryuk:0.8.1 - Pull complete. 3 layers, pulled in 2s (downloaded 6 MB at 3 MB/s)
14:30:30 [main] INFO  tc.testcontainers/ryuk:0.8.1 - Image testcontainers/ryuk:0.8.1 pull took PT5.2664536S
14:30:30 [main] INFO  tc.testcontainers/ryuk:0.8.1 - Creating container for image: testcontainers/ryuk:0.8.1
14:30:30 [main] INFO  tc.testcontainers/ryuk:0.8.1 - Container testcontainers/ryuk:0.8.1 is starting: 4aa146f2918ad09710a27ce53a8bc48b40f19a800340504816b0d4c4901c0d1d
14:30:30 [main] INFO  tc.testcontainers/ryuk:0.8.1 - Container testcontainers/ryuk:0.8.1 started in PT0.6731299S
14:30:30 [main] INFO  o.t.utility.RyukResourceReaper - Ryuk started - will monitor and terminate Testcontainers containers on JVM exit
14:30:30 [main] INFO  o.testcontainers.DockerClientFactory - Checking the system...
14:30:30 [main] INFO  o.testcontainers.DockerClientFactory - ?? Docker server version should be at least 1.6.0
14:30:30 [main] INFO  tc.service2wraith:1.2 - Creating container for image: service2wraith:1.2
14:30:30 [main] INFO  tc.service2wraith:1.2 - Container service2wraith:1.2 is starting: 6769fe194aecf23d3adff98cee2cab7f64725997d5a1885688e35f51f9bb806f
14:30:31 [main] INFO  tc.service2wraith:1.2 - Container service2wraith:1.2 started in PT0.8437943S
14:30:32 [main] INFO  p.s.s.s.s.parents.ServiceExtended - Service started | Home URL: http://localhost:56984/
14:30:32 [main] INFO  p.s.s.s.s.parents.ServiceExtended - Connection success with http://localhost:56984/
14:30:32 [main] INFO  p.service3.service3.service.Service3 - Method: newJson | Success | Size: 1001
14:30:32 [main] INFO  p.service3.service3.service.Service3 - Report 1k enabled
14:30:32 [main] INFO  p.service3.service3.service.Service3 - Method: collectReports | Service1 report successfully received
14:30:32 [main] INFO  p.service3.service3.service.Service3 - Method: collectReports | Service2 report successfully received
14:30:32 [main] INFO  p.service3.service3.service.Service3 - Method: select | Success
14:30:32 [main] INFO  p.service3.service3.service.Service3 - Method: math | Success
14:30:33 [main] INFO  p.service3.service3.service.Service3 - Method: basic | Success
14:47:56 [main] INFO  o.testcontainers.images.PullPolicy - Image pull policy will be performed by: DefaultPullPolicy()
14:47:56 [main] INFO  o.t.utility.ImageNameSubstitutor - Image name substitution will be performed by: DefaultImageNameSubstitutor (composite of 'ConfigurationFileImageNameSubstitutor' and 'PrefixingImageNameSubstitutor')
14:47:56 [main] INFO  o.testcontainers.DockerClientFactory - Testcontainers version: 1.20.1
14:47:56 [main] INFO  o.t.d.DockerClientProviderStrategy - Loaded org.testcontainers.dockerclient.NpipeSocketClientProviderStrategy from ~/.testcontainers.properties, will try it first
14:47:56 [main] INFO  o.t.d.DockerClientProviderStrategy - Found Docker environment with local Npipe socket (npipe:////./pipe/docker_engine)
14:47:56 [main] INFO  o.testcontainers.DockerClientFactory - Docker host IP address is localhost
14:47:56 [main] INFO  o.testcontainers.DockerClientFactory - Connected to docker: 
  Server Version: 26.1.4
  API Version: 1.45
  Operating System: Docker Desktop
  Total Memory: 7792 MB
14:47:56 [main] INFO  tc.testcontainers/ryuk:0.8.1 - Creating container for image: testcontainers/ryuk:0.8.1
14:47:57 [main] INFO  o.t.utility.RegistryAuthLocator - Credential helper/store (docker-credential-desktop) does not have credentials for https://index.docker.io/v1/
14:47:57 [main] INFO  tc.testcontainers/ryuk:0.8.1 - Container testcontainers/ryuk:0.8.1 is starting: e563c77cd46e606d64387e0706c104d8b8e8c410974aa80c14ed9bace346031f
14:47:57 [main] INFO  tc.testcontainers/ryuk:0.8.1 - Container testcontainers/ryuk:0.8.1 started in PT0.7716971S
14:47:57 [main] INFO  o.t.utility.RyukResourceReaper - Ryuk started - will monitor and terminate Testcontainers containers on JVM exit
14:47:57 [main] INFO  o.testcontainers.DockerClientFactory - Checking the system...
14:47:57 [main] INFO  o.testcontainers.DockerClientFactory - ?? Docker server version should be at least 1.6.0
14:47:57 [main] INFO  tc.service2wraith:1.2 - Creating container for image: service2wraith:1.2
14:47:57 [main] INFO  tc.service2wraith:1.2 - Container service2wraith:1.2 is starting: aef93ccb9ad360e13cc4ecbd09fccc2140a952336f804e41f45506c22d70f1c3
14:47:58 [main] INFO  tc.service2wraith:1.2 - Container service2wraith:1.2 started in PT0.7318383S
14:47:58 [main] INFO  p.s.s.s.s.parents.ServiceExtended - Service started | Home URL: http://localhost:57261/
14:47:58 [main] INFO  p.s.s.s.s.parents.ServiceExtended - Connection success with http://localhost:57261/
14:47:58 [main] INFO  p.service3.service3.service.Service3 - Method: newJson | Success | Size: 1001
14:47:58 [main] INFO  p.service3.service3.service.Service3 - Report 1k enabled
14:47:59 [main] INFO  p.service3.service3.service.Service3 - Method: collectReports | Service1 report successfully received
14:47:59 [main] INFO  p.service3.service3.service.Service3 - Method: collectReports | Service2 report successfully received
14:47:59 [main] INFO  p.service3.service3.service.Service3 - Method: select | Success
14:47:59 [main] INFO  p.service3.service3.service.Service3 - Method: math | Success
14:47:59 [main] INFO  p.service3.service3.service.Service3 - Method: basic | Success
15:11:37 [main] INFO  o.testcontainers.images.PullPolicy - Image pull policy will be performed by: DefaultPullPolicy()
15:11:37 [main] INFO  o.t.utility.ImageNameSubstitutor - Image name substitution will be performed by: DefaultImageNameSubstitutor (composite of 'ConfigurationFileImageNameSubstitutor' and 'PrefixingImageNameSubstitutor')
15:11:37 [main] INFO  o.testcontainers.DockerClientFactory - Testcontainers version: 1.20.1
15:11:37 [main] INFO  o.t.d.DockerClientProviderStrategy - Loaded org.testcontainers.dockerclient.NpipeSocketClientProviderStrategy from ~/.testcontainers.properties, will try it first
15:11:38 [main] INFO  o.t.d.DockerClientProviderStrategy - Found Docker environment with local Npipe socket (npipe:////./pipe/docker_engine)
15:11:38 [main] INFO  o.testcontainers.DockerClientFactory - Docker host IP address is localhost
15:11:38 [main] INFO  o.testcontainers.DockerClientFactory - Connected to docker: 
  Server Version: 26.1.4
  API Version: 1.45
  Operating System: Docker Desktop
  Total Memory: 7792 MB
15:11:38 [main] INFO  tc.testcontainers/ryuk:0.8.1 - Creating container for image: testcontainers/ryuk:0.8.1
15:11:38 [main] INFO  o.t.utility.RegistryAuthLocator - Credential helper/store (docker-credential-desktop) does not have credentials for https://index.docker.io/v1/
15:11:38 [main] INFO  tc.testcontainers/ryuk:0.8.1 - Container testcontainers/ryuk:0.8.1 is starting: 38a7de2e9d986b62ae8d9fb09e563a9cc03250b506e7aed6aa85f9d86cfd9dd1
15:11:39 [main] INFO  tc.testcontainers/ryuk:0.8.1 - Container testcontainers/ryuk:0.8.1 started in PT0.8450861S
15:11:39 [main] INFO  o.t.utility.RyukResourceReaper - Ryuk started - will monitor and terminate Testcontainers containers on JVM exit
15:11:39 [main] INFO  o.testcontainers.DockerClientFactory - Checking the system...
15:11:39 [main] INFO  o.testcontainers.DockerClientFactory - ?? Docker server version should be at least 1.6.0
15:11:39 [main] INFO  tc.service2wraith:1.2 - Creating container for image: service2wraith:1.2
15:11:39 [main] INFO  tc.service2wraith:1.2 - Container service2wraith:1.2 is starting: 5d55240b21fea2e337b01f2fb5b42d6c01f96f07b437aadc342a95d650354e18
15:11:39 [main] INFO  tc.service2wraith:1.2 - Container service2wraith:1.2 started in PT0.9010673S
15:11:40 [main] INFO  p.s.s.s.s.parents.ServiceExtended - Service started | Home URL: http://localhost:55103/
15:11:40 [main] INFO  p.s.s.s.s.parents.ServiceExtended - Connection success with http://localhost:55103/
15:11:40 [main] INFO  p.service3.service3.service.Service3 - Method: newJson | Success | Size: 1001
15:11:40 [main] INFO  p.service3.service3.service.Service3 - Report 1k enabled
15:11:40 [main] INFO  p.service3.service3.service.Service3 - Method: collectReports | Service1 report successfully received
15:11:40 [main] INFO  p.service3.service3.service.Service3 - Method: collectReports | Service2 report successfully received
15:11:40 [main] INFO  p.service3.service3.service.Service3 - Method: select | Success
15:11:40 [main] INFO  p.service3.service3.service.Service3 - Method: math | Success
15:11:41 [main] INFO  p.service3.service3.service.Service3 - Method: basic | Success
15:20:05 [main] INFO  o.testcontainers.images.PullPolicy - Image pull policy will be performed by: DefaultPullPolicy()
15:20:06 [main] INFO  o.t.utility.ImageNameSubstitutor - Image name substitution will be performed by: DefaultImageNameSubstitutor (composite of 'ConfigurationFileImageNameSubstitutor' and 'PrefixingImageNameSubstitutor')
15:20:06 [main] INFO  o.testcontainers.DockerClientFactory - Testcontainers version: 1.20.1
15:20:06 [main] INFO  o.t.d.DockerClientProviderStrategy - Loaded org.testcontainers.dockerclient.NpipeSocketClientProviderStrategy from ~/.testcontainers.properties, will try it first
15:20:06 [main] INFO  o.t.d.DockerClientProviderStrategy - Found Docker environment with local Npipe socket (npipe:////./pipe/docker_engine)
15:20:06 [main] INFO  o.testcontainers.DockerClientFactory - Docker host IP address is localhost
15:20:06 [main] INFO  o.testcontainers.DockerClientFactory - Connected to docker: 
  Server Version: 26.1.4
  API Version: 1.45
  Operating System: Docker Desktop
  Total Memory: 7792 MB
15:20:06 [main] INFO  tc.testcontainers/ryuk:0.8.1 - Creating container for image: testcontainers/ryuk:0.8.1
15:20:06 [main] INFO  o.t.utility.RegistryAuthLocator - Credential helper/store (docker-credential-desktop) does not have credentials for https://index.docker.io/v1/
15:20:06 [main] INFO  tc.testcontainers/ryuk:0.8.1 - Container testcontainers/ryuk:0.8.1 is starting: f4904565771e03eedb8999a7ad39d9fb2a2f3637badf11ab8c2b5bcbe1c3de82
15:20:07 [main] INFO  tc.testcontainers/ryuk:0.8.1 - Container testcontainers/ryuk:0.8.1 started in PT0.8135793S
15:20:07 [main] INFO  o.t.utility.RyukResourceReaper - Ryuk started - will monitor and terminate Testcontainers containers on JVM exit
15:20:07 [main] INFO  o.testcontainers.DockerClientFactory - Checking the system...
15:20:07 [main] INFO  o.testcontainers.DockerClientFactory - ?? Docker server version should be at least 1.6.0
15:20:07 [main] INFO  tc.service2wraith:1.2 - Creating container for image: service2wraith:1.2
15:20:07 [main] INFO  tc.service2wraith:1.2 - Container service2wraith:1.2 is starting: 53f54ea555be63ff58e755509df452949e43a27abb69625312b884f37bb86d69
15:20:08 [main] INFO  tc.service2wraith:1.2 - Container service2wraith:1.2 started in PT0.6421912S
15:20:08 [main] INFO  p.s.s.s.s.parents.ServiceExtended - Service started | Home URL: http://localhost:55229/
15:20:08 [main] INFO  p.s.s.s.s.parents.ServiceExtended - Connection success with http://localhost:55229/
15:20:08 [main] INFO  p.service3.service3.service.Service3 - Method: newJson | Success | Size: 1001
15:20:08 [main] INFO  p.service3.service3.service.Service3 - Report 1k enabled
15:20:08 [main] INFO  p.service3.service3.service.Service3 - Method: collectReports | Service1 report successfully received
15:20:08 [main] INFO  p.service3.service3.service.Service3 - Method: collectReports | Service2 report successfully received
15:20:08 [main] INFO  p.service3.service3.service.Service3 - Method: select | Success
15:20:09 [main] INFO  p.service3.service3.service.Service3 - Method: math | Success
15:20:09 [main] INFO  p.service3.service3.service.Service3 - Method: basic | Success
15:38:08 [main] INFO  o.testcontainers.images.PullPolicy - Image pull policy will be performed by: DefaultPullPolicy()
15:38:08 [main] INFO  o.t.utility.ImageNameSubstitutor - Image name substitution will be performed by: DefaultImageNameSubstitutor (composite of 'ConfigurationFileImageNameSubstitutor' and 'PrefixingImageNameSubstitutor')
15:38:08 [main] INFO  o.testcontainers.DockerClientFactory - Testcontainers version: 1.20.1
15:38:08 [main] INFO  o.t.d.DockerClientProviderStrategy - Loaded org.testcontainers.dockerclient.NpipeSocketClientProviderStrategy from ~/.testcontainers.properties, will try it first
15:38:09 [main] INFO  o.t.d.DockerClientProviderStrategy - Found Docker environment with local Npipe socket (npipe:////./pipe/docker_engine)
15:38:09 [main] INFO  o.testcontainers.DockerClientFactory - Docker host IP address is localhost
15:38:09 [main] INFO  o.testcontainers.DockerClientFactory - Connected to docker: 
  Server Version: 26.1.4
  API Version: 1.45
  Operating System: Docker Desktop
  Total Memory: 7792 MB
15:38:09 [main] INFO  tc.testcontainers/ryuk:0.8.1 - Creating container for image: testcontainers/ryuk:0.8.1
15:38:09 [main] INFO  o.t.utility.RegistryAuthLocator - Credential helper/store (docker-credential-desktop) does not have credentials for https://index.docker.io/v1/
15:38:09 [main] INFO  tc.testcontainers/ryuk:0.8.1 - Container testcontainers/ryuk:0.8.1 is starting: 3e5e43a4e83ffce5ef203141a98d6ccfd11f17a75d71a48de157dd4861a10ec8
15:38:09 [main] INFO  tc.testcontainers/ryuk:0.8.1 - Container testcontainers/ryuk:0.8.1 started in PT0.805866S
15:38:09 [main] INFO  o.t.utility.RyukResourceReaper - Ryuk started - will monitor and terminate Testcontainers containers on JVM exit
15:38:09 [main] INFO  o.testcontainers.DockerClientFactory - Checking the system...
15:38:09 [main] INFO  o.testcontainers.DockerClientFactory - ?? Docker server version should be at least 1.6.0
15:38:09 [main] INFO  tc.service2wraith:1.2 - Creating container for image: service2wraith:1.2
15:38:10 [main] INFO  tc.service2wraith:1.2 - Container service2wraith:1.2 is starting: 51e83228c3cb8cb70304c4498f116ef7d42d01c56378bf57307da906329097c5
15:38:10 [main] INFO  tc.service2wraith:1.2 - Container service2wraith:1.2 started in PT0.6486158S
15:38:10 [main] INFO  p.s.s.s.s.parents.ServiceExtended - Service started | Home URL: http://localhost:55870/
15:38:10 [main] INFO  p.s.s.s.s.parents.ServiceExtended - Connection success with http://localhost:55870/
15:38:10 [main] INFO  p.service3.service3.service.Service3 - Method: newJson | Success | Size: 1001
15:38:10 [main] INFO  p.service3.service3.service.Service3 - Report 1k enabled
15:38:11 [main] INFO  p.service3.service3.service.Service3 - Method: collectReports | Service1 report successfully received
15:38:11 [main] INFO  p.service3.service3.service.Service3 - Method: collectReports | Service2 report successfully received
15:38:11 [main] INFO  p.service3.service3.service.Service3 - Method: select | Success
15:38:11 [main] INFO  p.service3.service3.service.Service3 - Method: math | Success
15:38:11 [main] INFO  p.service3.service3.service.Service3 - Method: basic | Success
